This is pdfTeX, Version 3.1415926-2.3-1.40.12 (MiKTeX 2.9) (preloaded format=pdflatex 2015.1.15)  24 MAR 2016 20:39
entering extended mode
**C:/Users/OurEDA/Desktop/CV/resume_cv.tex
(C:/Users/OurEDA/Desktop/CV/resume_cv.tex
LaTeX2e <2011/06/27>
Babel <v3.8m> and hyphenation patterns for loaded.
(C:\Users\OurEDA\Desktop\CV\awesome-cv.cls
Document Class: awesome-cv 2015/12/14 v1.3 Awesome Curriculum Vitae Class
("C:\Program Files (x86)\CTEX\MiKTeX\tex\latex\base\article.cls"
Document Class: article 2007/10/19 v1.4h Standard LaTeX document class
("C:\Program Files (x86)\CTEX\MiKTeX\tex\latex\base\size11.clo"
File: size11.clo 2007/10/19 v1.4h Standard LaTeX file (size option)
)
\c@part=\count79
\c@section=\count80
\c@subsection=\count81
\c@subsubsection=\count82
\c@paragraph=\count83
\c@subparagraph=\count84
\c@figure=\count85
\c@table=\count86
\abovecaptionskip=\skip41
\belowcaptionskip=\skip42
\bibindent=\dimen102
)
("C:\Program Files (x86)\CTEX\MiKTeX\tex\latex\tools\array.sty"
Package: array 2008/09/09 v2.4c Tabular extension package (FMi)
\col@sep=\dimen103
\extrarowheight=\dimen104
\NC@list=\toks14
\extratabsurround=\skip43
\backup@length=\skip44
)
("C:\Program Files (x86)\CTEX\MiKTeX\tex\latex\enumitem\enumitem.sty"
Package: enumitem 2011/09/28 v3.5.2 Customized lists
\enitkv@toks@=\toks15
\labelindent=\skip45
\enit@outerparindent=\dimen105
\enit@toks=\toks16
\enit@inbox=\box26
\enitdp@description=\count87
)
("C:\Program Files (x86)\CTEX\MiKTeX\tex\latex\ms\ragged2e.sty"
Package: ragged2e 2009/05/21 v2.1 ragged2e Package (MS)

("C:\Program Files (x86)\CTEX\MiKTeX\tex\latex\ms\everysel.sty"
Package: everysel 2011/10/28 v1.2 EverySelectfont Package (MS)
)
\CenteringLeftskip=\skip46
\RaggedLeftLeftskip=\skip47
\RaggedRightLeftskip=\skip48
\CenteringRightskip=\skip49
\RaggedLeftRightskip=\skip50
\RaggedRightRightskip=\skip51
\CenteringParfillskip=\skip52
\RaggedLeftParfillskip=\skip53
\RaggedRightParfillskip=\skip54
\JustifyingParfillskip=\skip55
\CenteringParindent=\skip56
\RaggedLeftParindent=\skip57
\RaggedRightParindent=\skip58
\JustifyingParindent=\skip59
)
("C:\Program Files (x86)\CTEX\MiKTeX\tex\latex\geometry\geometry.sty"
Package: geometry 2010/09/12 v5.6 Page Geometry

("C:\Program Files (x86)\CTEX\MiKTeX\tex\latex\graphics\keyval.sty"
Package: keyval 1999/03/16 v1.13 key=value parser (DPC)
\KV@toks@=\toks17
)
("C:\Program Files (x86)\CTEX\MiKTeX\tex\generic\oberdiek\ifpdf.sty"
Package: ifpdf 2011/01/30 v2.3 Provides the ifpdf switch (HO)
Package ifpdf Info: pdfTeX in PDF mode is detected.
)
("C:\Program Files (x86)\CTEX\MiKTeX\tex\generic\oberdiek\ifvtex.sty"
Package: ifvtex 2010/03/01 v1.5 Switches for detecting VTeX and its modes (HO)
Package ifvtex Info: VTeX not detected.
)
("C:\Program Files (x86)\CTEX\MiKTeX\tex\generic\ifxetex\ifxetex.sty"
Package: ifxetex 2010/09/12 v0.6 Provides ifxetex conditional
)
\Gm@cnth=\count88
\Gm@cntv=\count89
\c@Gm@tempcnt=\count90
\Gm@bindingoffset=\dimen106
\Gm@wd@mp=\dimen107
\Gm@odd@mp=\dimen108
\Gm@even@mp=\dimen109
\Gm@layoutwidth=\dimen110
\Gm@layoutheight=\dimen111
\Gm@layouthoffset=\dimen112
\Gm@layoutvoffset=\dimen113
\Gm@dimlist=\toks18

("C:\Program Files (x86)\CTEX\MiKTeX\tex\latex\geometry\geometry.cfg"))
("C:\Program Files (x86)\CTEX\MiKTeX\tex\latex\fancyhdr\fancyhdr.sty"
\fancy@headwidth=\skip60
\f@ncyO@elh=\skip61
\f@ncyO@erh=\skip62
\f@ncyO@olh=\skip63
\f@ncyO@orh=\skip64
\f@ncyO@elf=\skip65
\f@ncyO@erf=\skip66
\f@ncyO@olf=\skip67
\f@ncyO@orf=\skip68
)
("C:\Program Files (x86)\CTEX\MiKTeX\tex\latex\xcolor\xcolor.sty"
Package: xcolor 2007/01/21 v2.11 LaTeX color extensions (UK)

("C:\Program Files (x86)\CTEX\MiKTeX\tex\latex\00miktex\color.cfg"
File: color.cfg 2007/01/18 v1.5 color configuration of teTeX/TeXLive
)
Package xcolor Info: Driver file: pdftex.def on input line 225.

("C:\Program Files (x86)\CTEX\MiKTeX\tex\latex\pdftex-def\pdftex.def"
File: pdftex.def 2011/05/27 v0.06d Graphics/color for pdfTeX

("C:\Program Files (x86)\CTEX\MiKTeX\tex\generic\oberdiek\infwarerr.sty"
Package: infwarerr 2010/04/08 v1.3 Providing info/warning/message (HO)
)
("C:\Program Files (x86)\CTEX\MiKTeX\tex\generic\oberdiek\ltxcmds.sty"
Package: ltxcmds 2011/04/18 v1.20 LaTeX kernel commands for general use (HO)
)
\Gread@gobject=\count91
)
Package xcolor Info: Model `cmy' substituted by `cmy0' on input line 1337.
Package xcolor Info: Model `hsb' substituted by `rgb' on input line 1341.
Package xcolor Info: Model `RGB' extended on input line 1353.
Package xcolor Info: Model `HTML' substituted by `rgb' on input line 1355.
Package xcolor Info: Model `Hsb' substituted by `hsb' on input line 1356.
Package xcolor Info: Model `tHsb' substituted by `hsb' on input line 1357.
Package xcolor Info: Model `HSB' substituted by `hsb' on input line 1358.
Package xcolor Info: Model `Gray' substituted by `gray' on input line 1359.
Package xcolor Info: Model `wave' substituted by `hsb' on input line 1360.
)
("C:\Program Files (x86)\CTEX\MiKTeX\tex\latex\xifthen\xifthen.sty"
Package: xifthen 2009/04/17 v1.3 Extended ifthen features

("C:\Program Files (x86)\CTEX\MiKTeX\tex\latex\misc\etex.sty"
Package: etex 1998/03/26 v2.0 eTeX basic definition package (PEB)
\et@xins=\count92
)
("C:\Program Files (x86)\CTEX\MiKTeX\tex\latex\tools\calc.sty"
Package: calc 2007/08/22 v4.3 Infix arithmetic (KKT,FJ)
\calc@Acount=\count93
\calc@Bcount=\count94
\calc@Adimen=\dimen114
\calc@Bdimen=\dimen115
\calc@Askip=\skip69
\calc@Bskip=\skip70
LaTeX Info: Redefining \setlength on input line 76.
LaTeX Info: Redefining \addtolength on input line 77.
\calc@Ccount=\count95
\calc@Cskip=\skip71
)
("C:\Program Files (x86)\CTEX\MiKTeX\tex\latex\base\ifthen.sty"
Package: ifthen 2001/05/26 v1.1c Standard LaTeX ifthen package (DPC)
)
("C:\Program Files (x86)\CTEX\MiKTeX\tex\latex\ifmtarg\ifmtarg.sty"
Package: ifmtarg 2009/09/02 v1.2a check for an empty argument
))
("C:\Program Files (x86)\CTEX\MiKTeX\tex\latex\etoolbox\etoolbox.sty"
Package: etoolbox 2011/01/03 v2.1 e-TeX tools for LaTeX
\etb@tempcnta=\count96
)
("C:\Program Files (x86)\CTEX\MiKTeX\tex\latex\setspace\setspace.sty"
Package: setspace 2011/12/19 v6.7a set line spacing
)
("C:\Program Files (x86)\CTEX\MiKTeX\tex\latex\fontspec\fontspec.sty"
Package: fontspec 2011/09/18 v2.2a Advanced font selection for XeLaTeX/LuaLaTeX


("C:\Program Files (x86)\CTEX\MiKTeX\tex\latex\l3kernel\expl3.sty"
("C:\Program Files (x86)\CTEX\MiKTeX\tex\latex\l3kernel\l3names.sty"
("C:\Program Files (x86)\CTEX\MiKTeX\tex\latex\l3kernel\l3bootstrap.sty"
Package: l3bootstrap 2011/12/29 v3110 L3 Experimental bootstrap code
)
Package: l3names 2011/12/30 v3113 L3 Experimental namespace for primitives
)
Package: expl3 2012/02/26 v3471 L3 Experimental code bundle wrapper

("C:\Program Files (x86)\CTEX\MiKTeX\tex\latex\graphics\graphics.sty"
Package: graphics 2009/02/05 v1.0o Standard LaTeX Graphics (DPC,SPQR)

("C:\Program Files (x86)\CTEX\MiKTeX\tex\latex\graphics\trig.sty"
Package: trig 1999/03/16 v1.09 sin cos tan (DPC)
)
("C:\Program Files (x86)\CTEX\MiKTeX\tex\latex\00miktex\graphics.cfg"
File: graphics.cfg 2007/01/18 v1.5 graphics configuration of teTeX/TeXLive
)
Package graphics Info: Driver file: pdftex.def on input line 91.
)
("C:\Program Files (x86)\CTEX\MiKTeX\tex\latex\l3kernel\l3basics.sty"
Package: l3basics 2012/02/26 v3460 L3 Experimental basic definitions
)
("C:\Program Files (x86)\CTEX\MiKTeX\tex\latex\l3kernel\l3expan.sty"
Package: l3expan 2012/02/26 v3460 L3 Experimental argument expansion
)
("C:\Program Files (x86)\CTEX\MiKTeX\tex\latex\l3kernel\l3tl.sty"
Package: l3tl 2012/02/26 v3460 L3 Experimental token lists
)
("C:\Program Files (x86)\CTEX\MiKTeX\tex\latex\l3kernel\l3seq.sty"
Package: l3seq 2012/01/09 v3158 L3 Experimental sequences and stacks
)
("C:\Program Files (x86)\CTEX\MiKTeX\tex\latex\l3kernel\l3int.sty"
Package: l3int 2012/02/26 v3460 L3 Experimental integers
\c_max_int=\count97
\l_tmpa_int=\count98
\l_tmpb_int=\count99
\l_tmpc_int=\count100
\g_tmpa_int=\count101
\g_tmpb_int=\count102
)
("C:\Program Files (x86)\CTEX\MiKTeX\tex\latex\l3kernel\l3quark.sty"
Package: l3quark 2012/02/12 v3384 L3 Experimental quarks
)
("C:\Program Files (x86)\CTEX\MiKTeX\tex\latex\l3kernel\l3prg.sty"
Package: l3prg 2012/02/26 v3464 L3 Experimental control structures
\g_prg_map_int=\count103
)
("C:\Program Files (x86)\CTEX\MiKTeX\tex\latex\l3kernel\l3clist.sty"
Package: l3clist 2012/02/26 v3460 L3 Experimental comma separated lists
)
("C:\Program Files (x86)\CTEX\MiKTeX\tex\latex\l3kernel\l3token.sty"
Package: l3token 2012/02/26 v3460 L3 Experimental token manipulation
)
("C:\Program Files (x86)\CTEX\MiKTeX\tex\latex\l3kernel\l3prop.sty"
Package: l3prop 2012/02/26 v3460 L3 Experimental property lists
)
("C:\Program Files (x86)\CTEX\MiKTeX\tex\latex\l3kernel\l3msg.sty"
Package: l3msg 2012/02/26 v3470 L3 Experimental messages
)
("C:\Program Files (x86)\CTEX\MiKTeX\tex\latex\l3kernel\l3file.sty"
Package: l3file 2012/02/26 v3464 L3 Experimental file and I/O operations
\l_iow_stream_int=\count104
\l_iow_line_length_int=\count105
\l_iow_target_length_int=\count106
\l_iow_current_line_int=\count107
\l_iow_current_word_int=\count108
\l_iow_current_indentation_int=\count109
)
("C:\Program Files (x86)\CTEX\MiKTeX\tex\latex\l3kernel\l3skip.sty"
Package: l3skip 2012/02/26 v3460 L3 Experimental dimensions and skips
\l_tmpa_dim=\dimen116
\l_tmpb_dim=\dimen117
\l_tmpc_dim=\dimen118
\g_tmpa_dim=\dimen119
\g_tmpb_dim=\dimen120
\l_tmpa_skip=\skip72
\l_tmpb_skip=\skip73
\l_tmpc_skip=\skip74
\g_tmpa_skip=\skip75
\g_tmpb_skip=\skip76
)
("C:\Program Files (x86)\CTEX\MiKTeX\tex\latex\l3kernel\l3keys.sty"
Package: l3keys 2011/12/22 v3086 L3 Experimental key-value interfaces
\g_keyval_level_int=\count110
\l_keys_choice_int=\count111
)
("C:\Program Files (x86)\CTEX\MiKTeX\tex\latex\l3kernel\l3fp.sty"
Package: l3fp 2012/02/06 v3315 L3 Experimental floating-point operations
\c_one_million=\count112
\c_one_hundred_million=\count113
\c_five_hundred_million=\count114
\c_one_thousand_million=\count115
\c_fp_pi_by_four_decimal_int=\count116
\c_fp_pi_by_four_extended_int=\count117
\c_fp_pi_decimal_int=\count118
\c_fp_pi_extended_int=\count119
\c_fp_two_pi_decimal_int=\count120
\c_fp_two_pi_extended_int=\count121
\l_fp_count_int=\count122
\l_fp_div_offset_int=\count123
\l_fp_exp_integer_int=\count124
\l_fp_exp_decimal_int=\count125
\l_fp_exp_extended_int=\count126
\l_fp_exp_exponent_int=\count127
\l_fp_input_a_sign_int=\count128
\l_fp_input_a_integer_int=\count129
\l_fp_input_a_decimal_int=\count130
\l_fp_input_a_exponent_int=\count131
\l_fp_input_b_sign_int=\count132
\l_fp_input_b_integer_int=\count133
\l_fp_input_b_decimal_int=\count134
\l_fp_input_b_exponent_int=\count135
\l_fp_input_a_extended_int=\count136
\l_fp_input_b_extended_int=\count137
\l_fp_mul_a_i_int=\count138
\l_fp_mul_a_ii_int=\count139
\l_fp_mul_a_iii_int=\count140
\l_fp_mul_a_iv_int=\count141
\l_fp_mul_a_v_int=\count142
\l_fp_mul_a_vi_int=\count143
\l_fp_mul_b_i_int=\count144
\l_fp_mul_b_ii_int=\count145
\l_fp_mul_b_iii_int=\count146
\l_fp_mul_b_iv_int=\count147
\l_fp_mul_b_v_int=\count148
\l_fp_mul_b_vi_int=\count149
\l_fp_mul_output_int=\count150
\l_fp_output_sign_int=\count151
\l_fp_output_integer_int=\count152
\l_fp_output_decimal_int=\count153
\l_fp_output_exponent_int=\count154
\l_fp_output_extended_int=\count155
\l_fp_round_position_int=\count156
\l_fp_round_target_int=\count157
\l_fp_split_sign_int=\count158
\l_fp_internal_int=\count159
\l_fp_trig_octant_int=\count160
\l_fp_trig_sign_int=\count161
\l_fp_trig_decimal_int=\count162
\l_fp_trig_extended_int=\count163
\l_fp_internal_dim=\dimen121
\l_fp_internal_skip=\skip77
)
("C:\Program Files (x86)\CTEX\MiKTeX\tex\latex\l3kernel\l3box.sty"
Package: l3box 2012/02/18 v3432 L3 Experimental boxes
\l_tmpb_box=\box27
\l_box_top_dim=\dimen122
\l_box_bottom_dim=\dimen123
\l_box_left_dim=\dimen124
\l_box_right_dim=\dimen125
\l_box_top_new_dim=\dimen126
\l_box_bottom_new_dim=\dimen127
\l_box_left_new_dim=\dimen128
\l_box_right_new_dim=\dimen129
\l_box_internal_box=\box28
)
("C:\Program Files (x86)\CTEX\MiKTeX\tex\latex\l3kernel\l3coffins.sty"
Package: l3coffins 2012/02/26 v3460 L3 Experimental coffin code layer
\l_coffin_internal_box=\box29
\l_coffin_internal_dim=\dimen130
\l_coffin_offset_x_dim=\dimen131
\l_coffin_offset_y_dim=\dimen132
\l_coffin_x_dim=\dimen133
\l_coffin_y_dim=\dimen134
\l_coffin_x_prime_dim=\dimen135
\l_coffin_y_prime_dim=\dimen136
\l_coffin_Depth_dim=\dimen137
\l_coffin_Height_dim=\dimen138
\l_coffin_TotalHeight_dim=\dimen139
\l_coffin_Width_dim=\dimen140
\c_empty_coffin=\box30
\l_coffin_aligned_coffin=\box31
\l_coffin_aligned_internal_coffin=\box32
\l_coffin_bounding_shift_dim=\dimen141
\l_coffin_left_corner_dim=\dimen142
\l_coffin_right_corner_dim=\dimen143
\l_coffin_bottom_corner_dim=\dimen144
\l_coffin_top_corner_dim=\dimen145
\l_coffin_scaled_total_height_dim=\dimen146
\l_coffin_scaled_width_dim=\dimen147
\l_coffin_display_coffin=\box33
\l_coffin_display_coord_coffin=\box34
\l_coffin_display_pole_coffin=\box35
\l_coffin_display_offset_dim=\dimen148
\l_coffin_display_x_dim=\dimen149
\l_coffin_display_y_dim=\dimen150
)
("C:\Program Files (x86)\CTEX\MiKTeX\tex\latex\l3kernel\l3color.sty"
Package: l3color 2011/09/07 v2776 L3 Experimental colour support
)
("C:\Program Files (x86)\CTEX\MiKTeX\tex\latex\l3kernel\l3luatex.sty"
Package: l3luatex 2012/02/09 v3355 L3 Experimental LuaTeX-specific functions
\g_cctab_allocate_int=\count164
\g_cctab_stack_int=\count165
))
("C:\Program Files (x86)\CTEX\MiKTeX\tex\latex\l3packages\xparse\xparse.sty"
Package: xparse 2012/02/26 v3471 L3 Experimental document command parser
\l_xparse_current_arg_int=\count166
\l_xparse_m_args_int=\count167
\l_xparse_mandatory_args_int=\count168
\l_xparse_processor_int=\count169
\l_xparse_v_nesting_int=\count170
)

!!!!!!!!!!!!!!!!!!!!!!!!!!!!!!!!!!!!!!!!!!!!!!!!
!
! Fatal fontspec error: "cannot-use-pdftex"
! 
! The fontspec package requires either XeTeX or LuaTeX to function.
! 
! You must change your typesetting engine to, e.g., "xelatex" or "lualatex"
! instead of plain "latex" or "pdflatex".
! 
! See the fontspec documentation for further information.
! 
! For immediate help type H <return>.
!...............................................  
                                                  
l.38 }
      
? 
! Emergency stop.
!...............................................  
                                                  
l.38 }
      
|'''''''''''''''''''''''''''''''''''''''''''''''
| This is a fatal error: LaTeX will abort
|...............................................

 
Here is how much of TeX's memory you used:
 7395 strings out of 495354
 123400 string characters out of 3182739
 173968 words of memory out of 3000000
 10486 multiletter control sequences out of 15000+200000
 3940 words of font info for 15 fonts, out of 3000000 for 9000
 14 hyphenation exceptions out of 8191
 38i,0n,45p,827b,51s stack positions out of 5000i,500n,10000p,200000b,50000s
!  ==> Fatal error occurred, no output PDF file produced!
