This is pdfTeX, Version 3.1415926-2.3-1.40.12 (MiKTeX 2.9) (preloaded format=pdflatex 2015.1.15)  25 NOV 2016 09:34
entering extended mode
**C:/Users/OurEDA/Desktop/Github/playground/ResearchWork/JNCA/elsarticle-templa
te/elsarticle-template.tex

(C:/Users/OurEDA/Desktop/Github/playground/ResearchWork/JNCA/elsarticle-templat
e/elsarticle-template.tex
LaTeX2e <2011/06/27>
Babel <v3.8m> and hyphenation patterns for loaded.
("C:\Program Files (x86)\CTEX\MiKTeX\tex\latex\elsarticle\elsarticle.cls"
Document Class: elsarticle 2009/09/17, 1.2.0: Elsevier Ltd
\@bls=\dimen102
("C:\Program Files (x86)\CTEX\MiKTeX\tex\latex\base\article.cls"
Document Class: article 2007/10/19 v1.4h Standard LaTeX document class
("C:\Program Files (x86)\CTEX\MiKTeX\tex\latex\base\size10.clo"
File: size10.clo 2007/10/19 v1.4h Standard LaTeX file (size option)
)
\c@part=\count79
\c@section=\count80
\c@subsection=\count81
\c@subsubsection=\count82
\c@paragraph=\count83
\c@subparagraph=\count84
\c@figure=\count85
\c@table=\count86
\abovecaptionskip=\skip41
\belowcaptionskip=\skip42
\bibindent=\dimen103
)
("C:\Program Files (x86)\CTEX\MiKTeX\tex\latex\graphics\graphicx.sty"
Package: graphicx 1999/02/16 v1.0f Enhanced LaTeX Graphics (DPC,SPQR)

("C:\Program Files (x86)\CTEX\MiKTeX\tex\latex\graphics\keyval.sty"
Package: keyval 1999/03/16 v1.13 key=value parser (DPC)
\KV@toks@=\toks14
)
("C:\Program Files (x86)\CTEX\MiKTeX\tex\latex\graphics\graphics.sty"
Package: graphics 2009/02/05 v1.0o Standard LaTeX Graphics (DPC,SPQR)

("C:\Program Files (x86)\CTEX\MiKTeX\tex\latex\graphics\trig.sty"
Package: trig 1999/03/16 v1.09 sin cos tan (DPC)
)
("C:\Program Files (x86)\CTEX\MiKTeX\tex\latex\00miktex\graphics.cfg"
File: graphics.cfg 2007/01/18 v1.5 graphics configuration of teTeX/TeXLive
)
Package graphics Info: Driver file: pdftex.def on input line 91.

("C:\Program Files (x86)\CTEX\MiKTeX\tex\latex\pdftex-def\pdftex.def"
File: pdftex.def 2011/05/27 v0.06d Graphics/color for pdfTeX

("C:\Program Files (x86)\CTEX\MiKTeX\tex\generic\oberdiek\infwarerr.sty"
Package: infwarerr 2010/04/08 v1.3 Providing info/warning/message (HO)
)
("C:\Program Files (x86)\CTEX\MiKTeX\tex\generic\oberdiek\ltxcmds.sty"
Package: ltxcmds 2011/04/18 v1.20 LaTeX kernel commands for general use (HO)
)
\Gread@gobject=\count87
))
\Gin@req@height=\dimen104
\Gin@req@width=\dimen105
)
("C:\Program Files (x86)\CTEX\MiKTeX\tex\latex\psnfss\pifont.sty"
Package: pifont 2005/04/12 PSNFSS-v9.2a Pi font support (SPQR) 
LaTeX Font Info:    Try loading font information for U+pzd on input line 63.

("C:\Program Files (x86)\CTEX\MiKTeX\tex\latex\psnfss\upzd.fd"
File: upzd.fd 2001/06/04 font definitions for U/pzd.
)
LaTeX Font Info:    Try loading font information for U+psy on input line 64.

("C:\Program Files (x86)\CTEX\MiKTeX\tex\latex\psnfss\upsy.fd"
File: upsy.fd 2001/06/04 font definitions for U/psy.
))
\c@tnote=\count88
\c@fnote=\count89
\c@cnote=\count90
\c@ead=\count91
\c@author=\count92
\@eadauthor=\toks15
\c@affn=\count93
\absbox=\box26
\keybox=\box27
\Columnwidth=\dimen106
\space@left=\dimen107
\els@boxa=\box28
\els@boxb=\box29
\leftMargin=\dimen108
\@enLab=\toks16
\@sep=\skip43
\@@sep=\skip44

(C:\Users\OurEDA\Desktop\Github\playground\ResearchWork\JNCA\elsarticle-templat
e\elsarticle-template.spl)
("C:\Program Files (x86)\CTEX\MiKTeX\tex\latex\natbib\natbib.sty"
Package: natbib 2010/09/13 8.31b (PWD, AO)
\bibhang=\skip45
\bibsep=\skip46
LaTeX Info: Redefining \cite on input line 694.
\c@NAT@ctr=\count94
)
\splwrite=\write3
)
("C:\Program Files (x86)\CTEX\MiKTeX\tex\latex\lineno\lineno.sty"
Package: lineno 2005/11/02 line numbers on paragraphs v4.41
\linenopenalty=\count95
\output=\toks17
\linenoprevgraf=\count96
\linenumbersep=\dimen109
\linenumberwidth=\dimen110
\c@linenumber=\count97
\c@pagewiselinenumber=\count98
\c@LN@truepage=\count99
\c@internallinenumber=\count100
\c@internallinenumbers=\count101
\quotelinenumbersep=\dimen111
\bframerule=\dimen112
\bframesep=\dimen113
\bframebox=\box30
LaTeX Info: Redefining \\ on input line 3056.
)
("C:\Program Files (x86)\CTEX\MiKTeX\tex\latex\hyperref\hyperref.sty"
Package: hyperref 2012/02/06 v6.82o Hypertext links for LaTeX

("C:\Program Files (x86)\CTEX\MiKTeX\tex\generic\oberdiek\hobsub-hyperref.sty"
Package: hobsub-hyperref 2011/04/23 v1.4 Bundle oberdiek, subset hyperref (HO)

("C:\Program Files (x86)\CTEX\MiKTeX\tex\generic\oberdiek\hobsub-generic.sty"
Package: hobsub-generic 2011/04/23 v1.4 Bundle oberdiek, subset generic (HO)
Package: hobsub 2011/04/23 v1.4 Subsetting bundle oberdiek (HO)
Package hobsub Info: Skipping package `infwarerr' (already loaded).
Package hobsub Info: Skipping package `ltxcmds' (already loaded).
Package: ifluatex 2010/03/01 v1.3 Provides the ifluatex switch (HO)
Package ifluatex Info: LuaTeX not detected.
Package: ifvtex 2010/03/01 v1.5 Switches for detecting VTeX and its modes (HO)
Package ifvtex Info: VTeX not detected.
Package: intcalc 2007/09/27 v1.1 Expandable integer calculations (HO)
Package: ifpdf 2011/01/30 v2.3 Provides the ifpdf switch (HO)
Package ifpdf Info: pdfTeX in PDF mode is detected.
Package: etexcmds 2011/02/16 v1.5 Prefix for e-TeX command names (HO)
Package etexcmds Info: Could not find \expanded.
(etexcmds)             That can mean that you are not using pdfTeX 1.50 or
(etexcmds)             that some package has redefined \expanded.
(etexcmds)             In the latter case, load this package earlier.
Package: kvsetkeys 2011/04/07 v1.13 Key value parser (HO)
Package: kvdefinekeys 2011/04/07 v1.3 Defining keys (HO)
Package: pdftexcmds 2011/04/22 v0.16 Utilities of pdfTeX for LuaTeX (HO)
Package pdftexcmds Info: LuaTeX not detected.
Package pdftexcmds Info: \pdf@primitive is available.
Package pdftexcmds Info: \pdf@ifprimitive is available.
Package pdftexcmds Info: \pdfdraftmode found.
Package: pdfescape 2011/04/04 v1.12 Provides string conversions (HO)
Package: bigintcalc 2011/01/30 v1.2 Expandable big integer calculations (HO)
Package: bitset 2011/01/30 v1.1 Data type bit set (HO)
Package: uniquecounter 2011/01/30 v1.2 Provides unlimited unique counter (HO)
)
Package hobsub Info: Skipping package `hobsub' (already loaded).
Package: letltxmacro 2010/09/02 v1.4 Let assignment for LaTeX macros (HO)
Package: hopatch 2011/01/30 v1.0 Wrapper for package hooks (HO)
Package: xcolor-patch 2011/01/30 xcolor patch
Package: atveryend 2011/04/23 v1.7 Hooks at very end of document (HO)
Package: atbegshi 2011/01/30 v1.15 At begin shipout hook (HO)
Package: refcount 2010/12/01 v3.2 Data extraction from references (HO)
Package: hycolor 2011/01/30 v1.7 Color options of hyperref/bookmark (HO)
) ("C:\Program Files (x86)\CTEX\MiKTeX\tex\generic\ifxetex\ifxetex.sty"
Package: ifxetex 2010/09/12 v0.6 Provides ifxetex conditional
)
("C:\Program Files (x86)\CTEX\MiKTeX\tex\latex\oberdiek\kvoptions.sty"
Package: kvoptions 2010/12/23 v3.10 Keyval support for LaTeX options (HO)
)
\@linkdim=\dimen114
\Hy@linkcounter=\count102
\Hy@pagecounter=\count103

("C:\Program Files (x86)\CTEX\MiKTeX\tex\latex\hyperref\pd1enc.def"
File: pd1enc.def 2012/02/06 v6.82o Hyperref: PDFDocEncoding definition (HO)
)
\Hy@SavedSpaceFactor=\count104

("C:\Program Files (x86)\CTEX\MiKTeX\tex\latex\00miktex\hyperref.cfg"
File: hyperref.cfg 2002/06/06 v1.2 hyperref configuration of TeXLive
)
Package hyperref Info: Hyper figures OFF on input line 4046.
Package hyperref Info: Link nesting OFF on input line 4051.
Package hyperref Info: Hyper index ON on input line 4054.
Package hyperref Info: Plain pages OFF on input line 4061.
Package hyperref Info: Backreferencing OFF on input line 4066.
Package hyperref Info: Implicit mode ON; LaTeX internals redefined.
Package hyperref Info: Bookmarks ON on input line 4284.
\c@Hy@tempcnt=\count105

("C:\Program Files (x86)\CTEX\MiKTeX\tex\latex\ltxmisc\url.sty"
\Urlmuskip=\muskip10
Package: url 2006/04/12  ver 3.3  Verb mode for urls, etc.
)
LaTeX Info: Redefining \url on input line 4637.
\Fld@menulength=\count106
\Field@Width=\dimen115
\Fld@charsize=\dimen116
Package hyperref Info: Hyper figures OFF on input line 5757.
Package hyperref Info: Link nesting OFF on input line 5762.
Package hyperref Info: Hyper index ON on input line 5765.
Package hyperref Info: backreferencing OFF on input line 5772.
Package hyperref Info: Link coloring OFF on input line 5777.
Package hyperref Info: Link coloring with OCG OFF on input line 5782.
Package hyperref Info: PDF/A mode OFF on input line 5787.
LaTeX Info: Redefining \ref on input line 5827.
LaTeX Info: Redefining \pageref on input line 5831.
\Hy@abspage=\count107
\c@Item=\count108
\c@Hfootnote=\count109
)

Package hyperref Message: Driver (autodetected): hpdftex.

("C:\Program Files (x86)\CTEX\MiKTeX\tex\latex\hyperref\hpdftex.def"
File: hpdftex.def 2012/02/06 v6.82o Hyperref driver for pdfTeX
\Fld@listcount=\count110
\c@bookmark@seq@number=\count111

("C:\Program Files (x86)\CTEX\MiKTeX\tex\latex\oberdiek\rerunfilecheck.sty"
Package: rerunfilecheck 2011/04/15 v1.7 Rerun checks for auxiliary files (HO)
Package uniquecounter Info: New unique counter `rerunfilecheck' on input line 2
82.
)
\Hy@SectionHShift=\skip47
)
("C:\Program Files (x86)\CTEX\MiKTeX\tex\latex\algorithms\algorithm.sty"
Package: algorithm 2009/08/24 v0.1 Document Style `algorithm' - floating enviro
nment

("C:\Program Files (x86)\CTEX\MiKTeX\tex\latex\float\float.sty"
Package: float 2001/11/08 v1.3d Float enhancements (AL)
\c@float@type=\count112
\float@exts=\toks18
\float@box=\box31
\@float@everytoks=\toks19
\@floatcapt=\box32
)
("C:\Program Files (x86)\CTEX\MiKTeX\tex\latex\base\ifthen.sty"
Package: ifthen 2001/05/26 v1.1c Standard LaTeX ifthen package (DPC)
)
\@float@every@algorithm=\toks20
\c@algorithm=\count113
)
(C:\Users\OurEDA\Desktop\Github\playground\ResearchWork\JNCA\elsarticle-templat
e\algorithmic.sty
Package: algorithmic 2009/08/24 v0.1 Document Style `algorithmic'
\c@ALC@unique=\count114
\c@ALC@line=\count115
\c@ALC@rem=\count116
\c@ALC@depth=\count117
\ALC@tlm=\skip48
\algorithmicindent=\skip49
)
("C:\Program Files (x86)\CTEX\MiKTeX\tex\latex\ams\math\amsmath.sty"
Package: amsmath 2000/07/18 v2.13 AMS math features
\@mathmargin=\skip50

For additional information on amsmath, use the `?' option.
("C:\Program Files (x86)\CTEX\MiKTeX\tex\latex\ams\math\amstext.sty"
Package: amstext 2000/06/29 v2.01

("C:\Program Files (x86)\CTEX\MiKTeX\tex\latex\ams\math\amsgen.sty"
File: amsgen.sty 1999/11/30 v2.0
\@emptytoks=\toks21
\ex@=\dimen117
))
("C:\Program Files (x86)\CTEX\MiKTeX\tex\latex\ams\math\amsbsy.sty"
Package: amsbsy 1999/11/29 v1.2d
\pmbraise@=\dimen118
)
("C:\Program Files (x86)\CTEX\MiKTeX\tex\latex\ams\math\amsopn.sty"
Package: amsopn 1999/12/14 v2.01 operator names
)
\inf@bad=\count118
LaTeX Info: Redefining \frac on input line 211.
\uproot@=\count119
\leftroot@=\count120
LaTeX Info: Redefining \overline on input line 307.
\classnum@=\count121
\DOTSCASE@=\count122
LaTeX Info: Redefining \ldots on input line 379.
LaTeX Info: Redefining \dots on input line 382.
LaTeX Info: Redefining \cdots on input line 467.
\Mathstrutbox@=\box33
\strutbox@=\box34
\big@size=\dimen119
LaTeX Font Info:    Redeclaring font encoding OML on input line 567.
LaTeX Font Info:    Redeclaring font encoding OMS on input line 568.
\macc@depth=\count123
\c@MaxMatrixCols=\count124
\dotsspace@=\muskip11
\c@parentequation=\count125
\dspbrk@lvl=\count126
\tag@help=\toks22
\row@=\count127
\column@=\count128
\maxfields@=\count129
\andhelp@=\toks23
\eqnshift@=\dimen120
\alignsep@=\dimen121
\tagshift@=\dimen122
\tagwidth@=\dimen123
\totwidth@=\dimen124
\lineht@=\dimen125
\@envbody=\toks24
\multlinegap=\skip51
\multlinetaggap=\skip52
\mathdisplay@stack=\toks25
LaTeX Info: Redefining \[ on input line 2666.
LaTeX Info: Redefining \] on input line 2667.
)
("C:\Program Files (x86)\CTEX\MiKTeX\tex\latex\multirow\multirow.sty"
\bigstrutjot=\dimen126
)
(C:\Users\OurEDA\Desktop\Github\playground\ResearchWork\JNCA\elsarticle-templat
e\elsarticle-template.aux)
LaTeX Font Info:    Checking defaults for OML/cmm/m/it on input line 50.
LaTeX Font Info:    ... okay on input line 50.
LaTeX Font Info:    Checking defaults for T1/cmr/m/n on input line 50.
LaTeX Font Info:    ... okay on input line 50.
LaTeX Font Info:    Checking defaults for OT1/cmr/m/n on input line 50.
LaTeX Font Info:    ... okay on input line 50.
LaTeX Font Info:    Checking defaults for OMS/cmsy/m/n on input line 50.
LaTeX Font Info:    ... okay on input line 50.
LaTeX Font Info:    Checking defaults for OMX/cmex/m/n on input line 50.
LaTeX Font Info:    ... okay on input line 50.
LaTeX Font Info:    Checking defaults for U/cmr/m/n on input line 50.
LaTeX Font Info:    ... okay on input line 50.
LaTeX Font Info:    Checking defaults for PD1/pdf/m/n on input line 50.
LaTeX Font Info:    ... okay on input line 50.

("C:\Program Files (x86)\CTEX\MiKTeX\tex\context\base\supp-pdf.mkii"
[Loading MPS to PDF converter (version 2006.09.02).]
\scratchcounter=\count130
\scratchdimen=\dimen127
\scratchbox=\box35
\nofMPsegments=\count131
\nofMParguments=\count132
\everyMPshowfont=\toks26
\MPscratchCnt=\count133
\MPscratchDim=\dimen128
\MPnumerator=\count134
\makeMPintoPDFobject=\count135
\everyMPtoPDFconversion=\toks27
)
\AtBeginShipoutBox=\box36
Package hyperref Info: Link coloring OFF on input line 50.
 ("C:\Program Files (x86)\CTEX\MiKTeX\tex\latex\hyperref\nameref.sty"
Package: nameref 2010/04/30 v2.40 Cross-referencing by name of section

("C:\Program Files (x86)\CTEX\MiKTeX\tex\generic\oberdiek\gettitlestring.sty"
Package: gettitlestring 2010/12/03 v1.4 Cleanup title references (HO)
)
\c@section@level=\count136
)
LaTeX Info: Redefining \ref on input line 50.
LaTeX Info: Redefining \pageref on input line 50.
LaTeX Info: Redefining \nameref on input line 50.

(C:\Users\OurEDA\Desktop\Github\playground\ResearchWork\JNCA\elsarticle-templat
e\elsarticle-template.out)
(C:\Users\OurEDA\Desktop\Github\playground\ResearchWork\JNCA\elsarticle-templat
e\elsarticle-template.out)
\@outlinefile=\write4
 [1


{C:/Program Files (x86)/CTEX/UserData/pdftex/config/pdftex.map{Unicode.sfd}{UGB
K.sfd}}] [2]
LaTeX Font Info:    Try loading font information for OMS+cmr on input line 116.


("C:\Program Files (x86)\CTEX\MiKTeX\tex\latex\base\omscmr.fd"
File: omscmr.fd 1999/05/25 v2.5h Standard LaTeX font definitions
)
LaTeX Font Info:    Font shape `OMS/cmr/m/n' in size <10> not available
(Font)              Font shape `OMS/cmsy/m/n' tried instead on input line 116.
 [3] [4]
[5] [6] [7] [8] [9] [10] [11pdfTeX warning (ext4): destination with the same id
entifier (name{table.1}) has been already used, duplicate ignored

\AtBegShi@Output ...ipout \box \AtBeginShipoutBox 
                                                  \fi \fi 
l.259 \begin{equation}
                      \label{aggregation throughput}] [12]
Package hyperref Info: bookmark level for unknown algorithm defaults to 0 on in
put line 296.
 [13] [14] [15]
<image/CDF.pdf, id=247, 394.9144pt x 299.6826pt>
File: image/CDF.pdf Graphic file (type pdf)
 <use image/CDF.pdf>
Package pdftex.def Info: image/CDF.pdf used on input line 355.
(pdftex.def)             Requested size: 224.03743pt x 170.01146pt.
 [16pdfTeX warning (ext4): destination with the same identifier (name{figure.1}
) has been already used, duplicate ignored

\AtBegShi@Output ...ipout \box \AtBeginShipoutBox 
                                                  \fi \fi 
l.364 
       <C:/Users/OurEDA/Desktop/Github/playground/ResearchWork/JNCA/elsarticle-
template/image/CDF.pdf>] [17]
<image/fairness-2nd.pdf, id=264, 379.65741pt x 299.6826pt>
File: image/fairness-2nd.pdf Graphic file (type pdf)

<use image/fairness-2nd.pdf>
Package pdftex.def Info: image/fairness-2nd.pdf used on input line 384.
(pdftex.def)             Requested size: 224.03743pt x 176.8432pt.

<image/fair-index.pdf, id=265, 394.9144pt x 290.55652pt>
File: image/fair-index.pdf Graphic file (type pdf)

<use image/fair-index.pdf>
Package pdftex.def Info: image/fair-index.pdf used on input line 394.
(pdftex.def)             Requested size: 231.26378pt x 170.15pt.


LaTeX Warning: `h' float specifier changed to `ht'.

[18pdfTeX warning (ext4): destination with the same identifier (name{figure.2})
 has been already used, duplicate ignored

\AtBegShi@Output ...ipout \box \AtBeginShipoutBox 
                                                  \fi \fi 
l.406 \end{equation}
                     <C:/Users/OurEDA/Desktop/Github/playground/ResearchWork/JN
CA/elsarticle-template/image/fairness-2nd.pdf>]
<image/throughput-antenna.pdf, id=278, 371.09138pt x 299.22389pt>
File: image/throughput-antenna.pdf Graphic file (type pdf)

<use image/throughput-antenna.pdf>
Package pdftex.def Info: image/throughput-antenna.pdf used on input line 419.
(pdftex.def)             Requested size: 216.81pt x 174.82382pt.
 [19pdfTeX warning (ext4): destination with the same identifier (name{figure.3}
) has been already used, duplicate ignored

\AtBegShi@Output ...ipout \box \AtBeginShipoutBox 
                                                  \fi \fi 
l.433 
       <C:/Users/OurEDA/Desktop/Github/playground/ResearchWork/JNCA/elsarticle-
template/image/fair-index.pdf>]
<image/throughput-user.pdf, id=294, 376.62506pt x 299.6826pt>
File: image/throughput-user.pdf Graphic file (type pdf)

<use image/throughput-user.pdf>
Package pdftex.def Info: image/throughput-user.pdf used on input line 439.
(pdftex.def)             Requested size: 224.03743pt x 178.27448pt.
 [20pdfTeX warning (ext4): destination with the same identifier (name{figure.4}
) has been already used, duplicate ignored

\AtBegShi@Output ...ipout \box \AtBeginShipoutBox 
                                                  \fi \fi 
l.450 
       <C:/Users/OurEDA/Desktop/Github/playground/ResearchWork/JNCA/elsarticle-
template/image/throughput-antenna.pdf>]
<image/throughput-srn.pdf, id=306, 371.09138pt x 299.22389pt>
File: image/throughput-srn.pdf Graphic file (type pdf)

<use image/throughput-srn.pdf>
Package pdftex.def Info: image/throughput-srn.pdf used on input line 456.
(pdftex.def)             Requested size: 216.81pt x 174.82382pt.
 [21pdfTeX warning (ext4): destination with the same identifier (name{figure.5}
) has been already used, duplicate ignored

\AtBegShi@Output ...ipout \box \AtBeginShipoutBox 
                                                  \fi \fi 
l.466 
       <C:/Users/OurEDA/Desktop/Github/playground/ResearchWork/JNCA/elsarticle-
template/image/throughput-user.pdf>] [22pdfTeX warning (ext4): destination with
 the same identifier (name{figure.6}) has been already used, duplicate ignored

\AtBegShi@Output ...ipout \box \AtBeginShipoutBox 
                                                  \fi \fi 
l.472 
       <C:/Users/OurEDA/Desktop/Github/playground/ResearchWork/JNCA/elsarticle-
template/image/throughput-srn.pdf>] [23]
(C:\Users\OurEDA\Desktop\Github\playground\ResearchWork\JNCA\elsarticle-templat
e\elsarticle-template.bbl [24] [25] [26] [27])
Package atveryend Info: Empty hook `BeforeClearDocument' on input line 513.
 [28]
Package atveryend Info: Empty hook `AfterLastShipout' on input line 513.

(C:\Users\OurEDA\Desktop\Github\playground\ResearchWork\JNCA\elsarticle-templat
e\elsarticle-template.aux)
Package atveryend Info: Executing hook `AtVeryEndDocument' on input line 513.
Package atveryend Info: Executing hook `AtEndAfterFileList' on input line 513.
Package rerunfilecheck Info: File `elsarticle-template.out' has not changed.
(rerunfilecheck)             Checksum: 5D4A7945B1DDD8D40E353B0D273ABC95;1331.
 ) 
Here is how much of TeX's memory you used:
 6750 strings out of 495354
 97489 string characters out of 3182739
 186048 words of memory out of 3000000
 9711 multiletter control sequences out of 15000+200000
 11627 words of font info for 41 fonts, out of 3000000 for 9000
 14 hyphenation exceptions out of 8191
 34i,18n,30p,1410b,740s stack positions out of 5000i,500n,10000p,200000b,50000s
<C:/Program Files (x86)/CTEX/MiKTeX/fonts/type1/public/amsfonts/cmextra/cmbsy
7.pfb><C:/Program Files (x86)/CTEX/MiKTeX/fonts/type1/public/amsfonts/cm/cmbx10
.pfb><C:/Program Files (x86)/CTEX/MiKTeX/fonts/type1/public/amsfonts/cm/cmex10.
pfb><C:/Program Files (x86)/CTEX/MiKTeX/fonts/type1/public/amsfonts/cm/cmmi10.p
fb><C:/Program Files (x86)/CTEX/MiKTeX/fonts/type1/public/amsfonts/cm/cmmi5.pfb
><C:/Program Files (x86)/CTEX/MiKTeX/fonts/type1/public/amsfonts/cm/cmmi7.pfb><
C:/Program Files (x86)/CTEX/MiKTeX/fonts/type1/public/amsfonts/cm/cmmib10.pfb><
C:/Program Files (x86)/CTEX/MiKTeX/fonts/type1/public/amsfonts/cm/cmr10.pfb><C:
/Program Files (x86)/CTEX/MiKTeX/fonts/type1/public/amsfonts/cm/cmr12.pfb><C:/P
rogram Files (x86)/CTEX/MiKTeX/fonts/type1/public/amsfonts/cm/cmr6.pfb><C:/Prog
ram Files (x86)/CTEX/MiKTeX/fonts/type1/public/amsfonts/cm/cmr7.pfb><C:/Program
 Files (x86)/CTEX/MiKTeX/fonts/type1/public/amsfonts/cm/cmr8.pfb><C:/Program Fi
les (x86)/CTEX/MiKTeX/fonts/type1/public/amsfonts/cm/cmss8.pfb><C:/Program File
s (x86)/CTEX/MiKTeX/fonts/type1/public/amsfonts/cm/cmsy10.pfb><C:/Program Files
 (x86)/CTEX/MiKTeX/fonts/type1/public/amsfonts/cm/cmsy6.pfb><C:/Program Files (
x86)/CTEX/MiKTeX/fonts/type1/public/amsfonts/cm/cmsy7.pfb><C:/Program Files (x8
6)/CTEX/MiKTeX/fonts/type1/public/amsfonts/cm/cmti10.pfb><C:/Program Files (x86
)/CTEX/MiKTeX/fonts/type1/public/amsfonts/cm/cmti7.pfb><C:/Program Files (x86)/
CTEX/MiKTeX/fonts/type1/public/amsfonts/cm/cmti8.pfb><C:/Program Files (x86)/CT
EX/MiKTeX/fonts/type1/public/amsfonts/cm/cmtt8.pfb>
Output written on elsarticle-template.pdf (28 pages, 345774 bytes).
PDF statistics:
 480 PDF objects out of 1000 (max. 8388607)
 120 named destinations out of 1000 (max. 500000)
 183 words of extra memory for PDF output out of 10000 (max. 10000000)

