This is pdfTeX, Version 3.1415926-2.3-1.40.12 (MiKTeX 2.9) (preloaded format=pdflatex 2015.1.15)  3 JAN 2017 21:30
entering extended mode
**C:/Users/OurEDA/Desktop/Github/playground/paper/bare_conf.tex
(C:/Users/OurEDA/Desktop/Github/playground/paper/bare_conf.tex
LaTeX2e <2011/06/27>
Babel <v3.8m> and hyphenation patterns for loaded.
("C:\Program Files (x86)\CTEX\MiKTeX\tex\latex\ieeetran\IEEEtran.cls"
Document Class: IEEEtran 2007/03/05 V1.7a by Michael Shell
-- See the "IEEEtran_HOWTO" manual for usage information.
-- http://www.michaelshell.org/tex/ieeetran/
\@IEEEtrantmpdimenA=\dimen102
\@IEEEtrantmpdimenB=\dimen103
\@IEEEtrantmpcountA=\count79
\@IEEEtrantmpcountB=\count80
\@IEEEtrantmptoksA=\toks14
LaTeX Font Info:    Try loading font information for OT1+ptm on input line 366.

("C:\Program Files (x86)\CTEX\MiKTeX\tex\latex\psnfss\ot1ptm.fd"
File: ot1ptm.fd 2001/06/04 font definitions for OT1/ptm.
)
-- Using 8.5in x 11in (letter) paper.
-- Using PDF output.
\@IEEEnormalsizeunitybaselineskip=\dimen104
-- This is a 10 point document.
\CLASSINFOnormalsizebaselineskip=\dimen105
\CLASSINFOnormalsizeunitybaselineskip=\dimen106
\IEEEnormaljot=\dimen107
LaTeX Font Info:    Font shape `OT1/ptm/bx/n' in size <5> not available
(Font)              Font shape `OT1/ptm/b/n' tried instead on input line 724.
LaTeX Font Info:    Font shape `OT1/ptm/bx/it' in size <5> not available
(Font)              Font shape `OT1/ptm/b/it' tried instead on input line 724.
LaTeX Font Info:    Font shape `OT1/ptm/bx/n' in size <7> not available
(Font)              Font shape `OT1/ptm/b/n' tried instead on input line 724.
LaTeX Font Info:    Font shape `OT1/ptm/bx/it' in size <7> not available
(Font)              Font shape `OT1/ptm/b/it' tried instead on input line 724.
LaTeX Font Info:    Font shape `OT1/ptm/bx/n' in size <8> not available
(Font)              Font shape `OT1/ptm/b/n' tried instead on input line 724.
LaTeX Font Info:    Font shape `OT1/ptm/bx/it' in size <8> not available
(Font)              Font shape `OT1/ptm/b/it' tried instead on input line 724.
LaTeX Font Info:    Font shape `OT1/ptm/bx/n' in size <9> not available
(Font)              Font shape `OT1/ptm/b/n' tried instead on input line 724.
LaTeX Font Info:    Font shape `OT1/ptm/bx/it' in size <9> not available
(Font)              Font shape `OT1/ptm/b/it' tried instead on input line 724.
LaTeX Font Info:    Font shape `OT1/ptm/bx/n' in size <10> not available
(Font)              Font shape `OT1/ptm/b/n' tried instead on input line 724.
LaTeX Font Info:    Font shape `OT1/ptm/bx/it' in size <10> not available
(Font)              Font shape `OT1/ptm/b/it' tried instead on input line 724.
LaTeX Font Info:    Font shape `OT1/ptm/bx/n' in size <11> not available
(Font)              Font shape `OT1/ptm/b/n' tried instead on input line 724.
LaTeX Font Info:    Font shape `OT1/ptm/bx/it' in size <11> not available
(Font)              Font shape `OT1/ptm/b/it' tried instead on input line 724.
LaTeX Font Info:    Font shape `OT1/ptm/bx/n' in size <12> not available
(Font)              Font shape `OT1/ptm/b/n' tried instead on input line 724.
LaTeX Font Info:    Font shape `OT1/ptm/bx/it' in size <12> not available
(Font)              Font shape `OT1/ptm/b/it' tried instead on input line 724.
LaTeX Font Info:    Font shape `OT1/ptm/bx/n' in size <17> not available
(Font)              Font shape `OT1/ptm/b/n' tried instead on input line 724.
LaTeX Font Info:    Font shape `OT1/ptm/bx/it' in size <17> not available
(Font)              Font shape `OT1/ptm/b/it' tried instead on input line 724.
LaTeX Font Info:    Font shape `OT1/ptm/bx/n' in size <20> not available
(Font)              Font shape `OT1/ptm/b/n' tried instead on input line 724.
LaTeX Font Info:    Font shape `OT1/ptm/bx/it' in size <20> not available
(Font)              Font shape `OT1/ptm/b/it' tried instead on input line 724.
LaTeX Font Info:    Font shape `OT1/ptm/bx/n' in size <24> not available
(Font)              Font shape `OT1/ptm/b/n' tried instead on input line 724.
LaTeX Font Info:    Font shape `OT1/ptm/bx/it' in size <24> not available
(Font)              Font shape `OT1/ptm/b/it' tried instead on input line 724.
\IEEEilabelindentA=\dimen108
\IEEEilabelindentB=\dimen109
\IEEEilabelindent=\dimen110
\IEEEelabelindent=\dimen111
\IEEEdlabelindent=\dimen112
\IEEElabelindent=\dimen113
\IEEEiednormlabelsep=\dimen114
\IEEEiedmathlabelsep=\dimen115
\IEEEiedtopsep=\skip41
\c@section=\count81
\c@subsection=\count82
\c@subsubsection=\count83
\c@paragraph=\count84
\c@IEEEsubequation=\count85
\abovecaptionskip=\skip42
\belowcaptionskip=\skip43
\c@figure=\count86
\c@table=\count87
\@IEEEeqnnumcols=\count88
\@IEEEeqncolcnt=\count89
\@IEEEtmpitemindent=\dimen116
\c@IEEEbiography=\count90
\@IEEEtranrubishbin=\box26
) ("C:\Program Files (x86)\CTEX\MiKTeX\tex\latex\cite\cite.sty"
LaTeX Info: Redefining \cite on input line 302.
LaTeX Info: Redefining \nocite on input line 373.
Package: cite 2010/09/10  v 5.3
)
("C:\Program Files (x86)\CTEX\MiKTeX\tex\latex\graphics\graphicx.sty"
Package: graphicx 1999/02/16 v1.0f Enhanced LaTeX Graphics (DPC,SPQR)

("C:\Program Files (x86)\CTEX\MiKTeX\tex\latex\graphics\keyval.sty"
Package: keyval 1999/03/16 v1.13 key=value parser (DPC)
\KV@toks@=\toks15
)
("C:\Program Files (x86)\CTEX\MiKTeX\tex\latex\graphics\graphics.sty"
Package: graphics 2009/02/05 v1.0o Standard LaTeX Graphics (DPC,SPQR)

("C:\Program Files (x86)\CTEX\MiKTeX\tex\latex\graphics\trig.sty"
Package: trig 1999/03/16 v1.09 sin cos tan (DPC)
)
("C:\Program Files (x86)\CTEX\MiKTeX\tex\latex\00miktex\graphics.cfg"
File: graphics.cfg 2007/01/18 v1.5 graphics configuration of teTeX/TeXLive
)
Package graphics Info: Driver file: pdftex.def on input line 91.

("C:\Program Files (x86)\CTEX\MiKTeX\tex\latex\pdftex-def\pdftex.def"
File: pdftex.def 2011/05/27 v0.06d Graphics/color for pdfTeX

("C:\Program Files (x86)\CTEX\MiKTeX\tex\generic\oberdiek\infwarerr.sty"
Package: infwarerr 2010/04/08 v1.3 Providing info/warning/message (HO)
)
("C:\Program Files (x86)\CTEX\MiKTeX\tex\generic\oberdiek\ltxcmds.sty"
Package: ltxcmds 2011/04/18 v1.20 LaTeX kernel commands for general use (HO)
)
\Gread@gobject=\count91
))
\Gin@req@height=\dimen117
\Gin@req@width=\dimen118
)
("C:\Program Files (x86)\CTEX\MiKTeX\tex\latex\oberdiek\epstopdf.sty"
Package: epstopdf 2010/02/09 v2.5 Conversion with epstopdf on the fly (HO)

("C:\Program Files (x86)\CTEX\MiKTeX\tex\latex\oberdiek\epstopdf-base.sty"
Package: epstopdf-base 2010/02/09 v2.5 Base part for package epstopdf

("C:\Program Files (x86)\CTEX\MiKTeX\tex\latex\oberdiek\grfext.sty"
Package: grfext 2010/08/19 v1.1 Managing graphics extensions (HO)

("C:\Program Files (x86)\CTEX\MiKTeX\tex\generic\oberdiek\kvdefinekeys.sty"
Package: kvdefinekeys 2011/04/07 v1.3 Defining keys (HO)
))
("C:\Program Files (x86)\CTEX\MiKTeX\tex\latex\oberdiek\kvoptions.sty"
Package: kvoptions 2010/12/23 v3.10 Keyval support for LaTeX options (HO)

("C:\Program Files (x86)\CTEX\MiKTeX\tex\generic\oberdiek\kvsetkeys.sty"
Package: kvsetkeys 2011/04/07 v1.13 Key value parser (HO)

("C:\Program Files (x86)\CTEX\MiKTeX\tex\generic\oberdiek\etexcmds.sty"
Package: etexcmds 2011/02/16 v1.5 Prefix for e-TeX command names (HO)

("C:\Program Files (x86)\CTEX\MiKTeX\tex\generic\oberdiek\ifluatex.sty"
Package: ifluatex 2010/03/01 v1.3 Provides the ifluatex switch (HO)
Package ifluatex Info: LuaTeX not detected.
)
Package etexcmds Info: Could not find \expanded.
(etexcmds)             That can mean that you are not using pdfTeX 1.50 or
(etexcmds)             that some package has redefined \expanded.
(etexcmds)             In the latter case, load this package earlier.
)))
("C:\Program Files (x86)\CTEX\MiKTeX\tex\generic\oberdiek\pdftexcmds.sty"
Package: pdftexcmds 2011/04/22 v0.16 Utilities of pdfTeX for LuaTeX (HO)

("C:\Program Files (x86)\CTEX\MiKTeX\tex\generic\oberdiek\ifpdf.sty"
Package: ifpdf 2011/01/30 v2.3 Provides the ifpdf switch (HO)
Package ifpdf Info: pdfTeX in PDF mode is detected.
)
Package pdftexcmds Info: LuaTeX not detected.
Package pdftexcmds Info: \pdf@primitive is available.
Package pdftexcmds Info: \pdf@ifprimitive is available.
Package pdftexcmds Info: \pdfdraftmode found.
)
Package grfext Info: Graphics extension search list:
(grfext)             [.png,.pdf,.jpg,.mps,.jpeg,.jbig2,.jb2,.PNG,.PDF,.JPG,.JPE
G,.JBIG2,.JB2,.eps]
(grfext)             \AppendGraphicsExtensions on input line 452.
))
("C:\Program Files (x86)\CTEX\MiKTeX\tex\latex\ams\math\amsmath.sty"
Package: amsmath 2000/07/18 v2.13 AMS math features
\@mathmargin=\skip44

For additional information on amsmath, use the `?' option.
("C:\Program Files (x86)\CTEX\MiKTeX\tex\latex\ams\math\amstext.sty"
Package: amstext 2000/06/29 v2.01

("C:\Program Files (x86)\CTEX\MiKTeX\tex\latex\ams\math\amsgen.sty"
File: amsgen.sty 1999/11/30 v2.0
\@emptytoks=\toks16
\ex@=\dimen119
))
("C:\Program Files (x86)\CTEX\MiKTeX\tex\latex\ams\math\amsbsy.sty"
Package: amsbsy 1999/11/29 v1.2d
\pmbraise@=\dimen120
)
("C:\Program Files (x86)\CTEX\MiKTeX\tex\latex\ams\math\amsopn.sty"
Package: amsopn 1999/12/14 v2.01 operator names
)
\inf@bad=\count92
LaTeX Info: Redefining \frac on input line 211.
\uproot@=\count93
\leftroot@=\count94
LaTeX Info: Redefining \overline on input line 307.
\classnum@=\count95
\DOTSCASE@=\count96
LaTeX Info: Redefining \ldots on input line 379.
LaTeX Info: Redefining \dots on input line 382.
LaTeX Info: Redefining \cdots on input line 467.
\Mathstrutbox@=\box27
\strutbox@=\box28
\big@size=\dimen121
LaTeX Font Info:    Redeclaring font encoding OML on input line 567.
LaTeX Font Info:    Redeclaring font encoding OMS on input line 568.
\macc@depth=\count97
\c@MaxMatrixCols=\count98
\dotsspace@=\muskip10
\c@parentequation=\count99
\dspbrk@lvl=\count100
\tag@help=\toks17
\row@=\count101
\column@=\count102
\maxfields@=\count103
\andhelp@=\toks18
\eqnshift@=\dimen122
\alignsep@=\dimen123
\tagshift@=\dimen124
\tagwidth@=\dimen125
\totwidth@=\dimen126
\lineht@=\dimen127
\@envbody=\toks19
\multlinegap=\skip45
\multlinetaggap=\skip46
\mathdisplay@stack=\toks20
LaTeX Info: Redefining \[ on input line 2666.
LaTeX Info: Redefining \] on input line 2667.
)
("C:\Program Files (x86)\CTEX\MiKTeX\tex\latex\algorithms\algorithm.sty"
Package: algorithm 2009/08/24 v0.1 Document Style `algorithm' - floating enviro
nment

("C:\Program Files (x86)\CTEX\MiKTeX\tex\latex\float\float.sty"
Package: float 2001/11/08 v1.3d Float enhancements (AL)
\c@float@type=\count104
\float@exts=\toks21
\float@box=\box29
\@float@everytoks=\toks22
\@floatcapt=\box30
)
("C:\Program Files (x86)\CTEX\MiKTeX\tex\latex\base\ifthen.sty"
Package: ifthen 2001/05/26 v1.1c Standard LaTeX ifthen package (DPC)
)
\@float@every@algorithm=\toks23
\c@algorithm=\count105
)
("C:\Program Files (x86)\CTEX\MiKTeX\tex\latex\algorithms\algorithmic.sty"
Package: algorithmic 2009/08/24 v0.1 Document Style `algorithmic'
\c@ALC@unique=\count106
\c@ALC@line=\count107
\c@ALC@rem=\count108
\c@ALC@depth=\count109
\ALC@tlm=\skip47
\algorithmicindent=\skip48
)
("C:\Program Files (x86)\CTEX\MiKTeX\tex\latex\tools\array.sty"
Package: array 2008/09/09 v2.4c Tabular extension package (FMi)
\col@sep=\dimen128
\extrarowheight=\dimen129
\NC@list=\toks24
\extratabsurround=\skip49
\backup@length=\skip50
)
(C:\Users\OurEDA\Desktop\Github\playground\paper\bare_conf.aux

LaTeX Warning: Label `Simulated Topologies' multiply defined.

)
LaTeX Font Info:    Checking defaults for OML/cmm/m/it on input line 50.
LaTeX Font Info:    ... okay on input line 50.
LaTeX Font Info:    Checking defaults for T1/cmr/m/n on input line 50.
LaTeX Font Info:    ... okay on input line 50.
LaTeX Font Info:    Checking defaults for OT1/cmr/m/n on input line 50.
LaTeX Font Info:    ... okay on input line 50.
LaTeX Font Info:    Checking defaults for OMS/cmsy/m/n on input line 50.
LaTeX Font Info:    ... okay on input line 50.
LaTeX Font Info:    Checking defaults for OMX/cmex/m/n on input line 50.
LaTeX Font Info:    ... okay on input line 50.
LaTeX Font Info:    Checking defaults for U/cmr/m/n on input line 50.
LaTeX Font Info:    ... okay on input line 50.
 ("C:\Program Files (x86)\CTEX\MiKTeX\tex\context\base\supp-pdf.mkii"
[Loading MPS to PDF converter (version 2006.09.02).]
\scratchcounter=\count110
\scratchdimen=\dimen130
\scratchbox=\box31
\nofMPsegments=\count111
\nofMParguments=\count112
\everyMPshowfont=\toks25
\MPscratchCnt=\count113
\MPscratchDim=\dimen131
\MPnumerator=\count114
\makeMPintoPDFobject=\count115
\everyMPtoPDFconversion=\toks26
)
LaTeX Font Info:    External font `cmex10' loaded for size
(Font)              <7> on input line 120.
LaTeX Font Info:    External font `cmex10' loaded for size
(Font)              <5> on input line 120.
Missing character: There is no ¡ in font cmr10!
Missing character: There is no ­ in font cmr10!
 [1{C:/Program Files (x86)/CTEX/UserData/pdftex/config/pdftex.map{Unicode.sfd}{
UGBK.sfd}}


]
Missing character: There is no ¨ in font ptmr7t!
Missing character: There is no ® in font ptmr7t!
Missing character: There is no ¡ in font ptmr7t!
Missing character: There is no ° in font ptmr7t!
Missing character: There is no ¡ in font ptmr7t!
Missing character: There is no ± in font ptmr7t!
Missing character: There is no ¡ in font ptmr7t!
Missing character: There is no ° in font ptmr7t!
Missing character: There is no ¡ in font ptmr7t!
Missing character: There is no ± in font ptmr7t!
Missing character: There is no ¡ in font ptmr7t!
Missing character: There is no ¯ in font ptmr7t!


LaTeX Warning: Citation `(2012)[26]' on page 2 undefined on input line 157.

[2]
Underfull \hbox (badness 1571) in paragraph at lines 166--167
\OT1/ptm/m/n/10 set of dis-join-t links that can be sched-uled at a same
 []


LaTeX Warning: Citation `11' on page 3 undefined on input line 172.


LaTeX Warning: Citation `11' on page 3 undefined on input line 183.

<image/direction.pdf, id=16, 844.65562pt x 596.98032pt>
File: image/direction.pdf Graphic file (type pdf)

<use image/direction.pdf>
Package pdftex.def Info: image/direction.pdf used on input line 196.
(pdftex.def)             Requested size: 216.81pt x 153.23453pt.


Package amsmath Warning: Cannot use `split' here;
(amsmath)                trying to recover with `aligned' on input line 209.


LaTeX Warning: Citation `2' on page 3 undefined on input line 225.

[3 <C:/Users/OurEDA/Desktop/Github/playground/paper/image/direction.pdf>]
Underfull \vbox (badness 4479) has occurred while \output is active []

 [4]
Underfull \hbox (badness 1681) in paragraph at lines 306--308
\OT1/ptm/m/n/10 The val-ue of $\OML/cmm/m/it/10 PG[]G[]'[]$ \OT1/ptm/m/n/10 is 
fixed in above d-e-duce.
 []

[5]

Package amsmath Warning: Cannot use `split' here;
(amsmath)                trying to recover with `aligned' on input line 371.

<image/topology.pdf, id=37, 702.37407pt x 702.37407pt>
File: image/topology.pdf Graphic file (type pdf)

<use image/topology.pdf>
Package pdftex.def Info: image/topology.pdf used on input line 417.
(pdftex.def)             Requested size: 144.54pt x 144.5342pt.
LaTeX Font Info:    External font `cmex10' loaded for size
(Font)              <8> on input line 430.
LaTeX Font Info:    External font `cmex10' loaded for size
(Font)              <6> on input line 430.
 [6 <C:/Users/OurEDA/Desktop/Github/playground/paper/image/topology.pdf>]
Package epstopdf Info: Source file: <image/1.eps>
(epstopdf)                    date: 2014-10-15 10:57:48
(epstopdf)                    size: 10132 bytes
(epstopdf)             Output file: <image/1-eps-converted-to.pdf>
(epstopdf)                    date: 2014-10-15 10:58:10
(epstopdf)                    size: 4111 bytes
(epstopdf)             Command: <epstopdf --outfile=image/1-eps-converted-to.pd
f image/1.eps>
(epstopdf)             \includegraphics on input line 455.
Package epstopdf Info: Output file is already uptodate.

<image/1-eps-converted-to.pdf, id=48, 420.57124pt x 316.18124pt>
File: image/1-eps-converted-to.pdf Graphic file (type pdf)

<use image/1-eps-converted-to.pdf>
Package pdftex.def Info: image/1-eps-converted-to.pdf used on input line 455.
(pdftex.def)             Requested size: 180.67499pt x 135.82983pt.
Package epstopdf Info: Source file: <image/3.eps>
(epstopdf)                    date: 2014-10-15 10:56:41
(epstopdf)                    size: 12540 bytes
(epstopdf)             Output file: <image/3-eps-converted-to.pdf>
(epstopdf)                    date: 2014-10-15 10:58:10
(epstopdf)                    size: 5127 bytes
(epstopdf)             Command: <epstopdf --outfile=image/3-eps-converted-to.pd
f image/3.eps>
(epstopdf)             \includegraphics on input line 471.
Package epstopdf Info: Output file is already uptodate.

<image/3-eps-converted-to.pdf, id=49, 420.57124pt x 316.18124pt>
File: image/3-eps-converted-to.pdf Graphic file (type pdf)

<use image/3-eps-converted-to.pdf>
Package pdftex.def Info: image/3-eps-converted-to.pdf used on input line 471.
(pdftex.def)             Requested size: 180.67499pt x 135.82983pt.
Package epstopdf Info: Source file: <image/4.eps>
(epstopdf)                    date: 2015-03-24 20:42:43
(epstopdf)                    size: 11801 bytes
(epstopdf)             Output file: <image/4-eps-converted-to.pdf>
(epstopdf)                    date: 2015-03-24 20:43:21
(epstopdf)                    size: 4755 bytes
(epstopdf)             Command: <epstopdf --outfile=image/4-eps-converted-to.pd
f image/4.eps>
(epstopdf)             \includegraphics on input line 481.
Package epstopdf Info: Output file is already uptodate.

<image/4-eps-converted-to.pdf, id=50, 420.57124pt x 316.18124pt>
File: image/4-eps-converted-to.pdf Graphic file (type pdf)

<use image/4-eps-converted-to.pdf>
Package pdftex.def Info: image/4-eps-converted-to.pdf used on input line 481.
(pdftex.def)             Requested size: 180.67499pt x 135.82983pt.

Underfull \hbox (badness 2261) in paragraph at lines 491--492
$\OML/cmm/m/it/10 n \OMS/cmsy/m/n/10 2 f\OT1/cmr/m/n/10 100\OML/cmm/m/it/10 ; \
OT1/cmr/m/n/10 200\OML/cmm/m/it/10 ; \OT1/cmr/m/n/10 400\OML/cmm/m/it/10 ; \OT1
/cmr/m/n/10 800\OML/cmm/m/it/10 ; \OT1/cmr/m/n/10 1600\OML/cmm/m/it/10 ; \OT1/c
mr/m/n/10 3200\OML/cmm/m/it/10 ; \OT1/cmr/m/n/10 6400\OML/cmm/m/it/10 ; \OT1/cm
r/m/n/10 12800\OML/cmm/m/it/10 ; \OT1/cmr/m/n/10 25600\OMS/cmsy/m/n/10 g$\OT1/p
tm/m/n/10 .
 []

Package epstopdf Info: Source file: <image/5.eps>
(epstopdf)                    date: 2014-10-15 10:52:33
(epstopdf)                    size: 11568 bytes
(epstopdf)             Output file: <image/5-eps-converted-to.pdf>
(epstopdf)                    date: 2014-10-15 10:52:49
(epstopdf)                    size: 4714 bytes
(epstopdf)             Command: <epstopdf --outfile=image/5-eps-converted-to.pd
f image/5.eps>
(epstopdf)             \includegraphics on input line 495.
Package epstopdf Info: Output file is already uptodate.
<image/5-eps-converted-to.pdf, id=51, 420.57124pt x 316.18124pt>
File: image/5-eps-converted-to.pdf Graphic file (type pdf)

<use image/5-eps-converted-to.pdf>
Package pdftex.def Info: image/5-eps-converted-to.pdf used on input line 495.
(pdftex.def)             Requested size: 180.67499pt x 135.82983pt.
Package epstopdf Info: Source file: <image/6.eps>
(epstopdf)                    date: 2014-10-15 10:55:14
(epstopdf)                    size: 11882 bytes
(epstopdf)             Output file: <image/6-eps-converted-to.pdf>
(epstopdf)                    date: 2014-10-15 10:58:12
(epstopdf)                    size: 4751 bytes
(epstopdf)             Command: <epstopdf --outfile=image/6-eps-converted-to.pd
f image/6.eps>
(epstopdf)             \includegraphics on input line 508.
Package epstopdf Info: Output file is already uptodate.

<image/6-eps-converted-to.pdf, id=52, 420.57124pt x 316.18124pt>
File: image/6-eps-converted-to.pdf Graphic file (type pdf)

<use image/6-eps-converted-to.pdf>
Package pdftex.def Info: image/6-eps-converted-to.pdf used on input line 508.
(pdftex.def)             Requested size: 180.67499pt x 135.82983pt.
Package epstopdf Info: Source file: <image/bidirectional.eps>
(epstopdf)                    date: 2016-12-30 09:58:35
(epstopdf)                    size: 10600 bytes
(epstopdf)             Output file: <image/bidirectional-eps-converted-to.pdf>
(epstopdf)                    date: 2016-12-30 10:01:09
(epstopdf)                    size: 4535 bytes
(epstopdf)             Command: <epstopdf --outfile=image/bidirectional-eps-con
verted-to.pdf image/bidirectional.eps>
(epstopdf)             \includegraphics on input line 519.
Package epstopdf Info: Output file is already uptodate.

<image/bidirectional-eps-converted-to.pdf, id=53, 420.57124pt x 316.18124pt>
File: image/bidirectional-eps-converted-to.pdf Graphic file (type pdf)

<use image/bidirectional-eps-converted-to.pdf>
Package pdftex.def Info: image/bidirectional-eps-converted-to.pdf used on input
 line 519.
(pdftex.def)             Requested size: 180.67499pt x 135.82983pt.
Missing character: There is no ¡ in font ptmr7t!
Missing character: There is no Ê in font ptmr7t!
Missing character: There is no ¦ in font ptmr7t!
Missing character: There is no È in font ptmr7t!
Missing character: There is no ¡ in font ptmr7t!
Missing character: There is no ¯ in font ptmr7t!
Missing character: There is no ¦ in font ptmr7t!
Missing character: There is no È in font ptmr7t!
 [7 <C:/Users/OurEDA/Desktop/Github/playground/paper/image/1-eps-converted-to.p
df> <C:/Users/OurEDA/Desktop/Github/playground/paper/image/3-eps-converted-to.p
df> <C:/Users/OurEDA/Desktop/Github/playground/paper/image/4-eps-converted-to.p
df>]
(C:\Users\OurEDA\Desktop\Github\playground\paper\bare_conf.bbl [8 <C:/Users/Our
EDA/Desktop/Github/playground/paper/image/5-eps-converted-to.pdf> <C:/Users/Our
EDA/Desktop/Github/playground/paper/image/6-eps-converted-to.pdf> <C:/Users/Our
EDA/Desktop/Github/playground/paper/image/bidirectional-eps-converted-to.pdf>])

** Conference Paper **
Before submitting the final camera ready copy, remember to:

 1. Manually equalize the lengths of two columns on the last page
 of your paper;

 2. Ensure that any PostScript and/or PDF output post-processing
 uses only Type 1 fonts and that every step in the generation
 process uses the appropriate paper size.

[9

] (C:\Users\OurEDA\Desktop\Github\playground\paper\bare_conf.aux)

LaTeX Warning: There were undefined references.


LaTeX Warning: There were multiply-defined labels.

 ) 
Here is how much of TeX's memory you used:
 3246 strings out of 495354
 48651 string characters out of 3182739
 118311 words of memory out of 3000000
 6360 multiletter control sequences out of 15000+200000
 39893 words of font info for 73 fonts, out of 3000000 for 9000
 17 hyphenation exceptions out of 8191
 42i,20n,23p,1798b,523s stack positions out of 5000i,500n,10000p,200000b,50000s
{C:/Program Files (x86)/CTEX/MiKTeX/fonts/enc/dvips/fontname/8r.enc}<C:/Progr
am Files (x86)/CTEX/MiKTeX/fonts/type1/public/amsfonts/cm/cmex10.pfb><C:/Progra
m Files (x86)/CTEX/MiKTeX/fonts/type1/public/amsfonts/cm/cmmi10.pfb><C:/Program
 Files (x86)/CTEX/MiKTeX/fonts/type1/public/amsfonts/cm/cmmi5.pfb><C:/Program F
iles (x86)/CTEX/MiKTeX/fonts/type1/public/amsfonts/cm/cmmi7.pfb><C:/Program Fil
es (x86)/CTEX/MiKTeX/fonts/type1/public/amsfonts/cm/cmmi8.pfb><C:/Program Files
 (x86)/CTEX/MiKTeX/fonts/type1/public/amsfonts/cm/cmr10.pfb><C:/Program Files (
x86)/CTEX/MiKTeX/fonts/type1/public/amsfonts/cm/cmr5.pfb><C:/Program Files (x86
)/CTEX/MiKTeX/fonts/type1/public/amsfonts/cm/cmr7.pfb><C:/Program Files (x86)/C
TEX/MiKTeX/fonts/type1/public/amsfonts/cm/cmr8.pfb><C:/Program Files (x86)/CTEX
/MiKTeX/fonts/type1/public/amsfonts/cm/cmsy10.pfb><C:/Program Files (x86)/CTEX/
MiKTeX/fonts/type1/public/amsfonts/cm/cmsy5.pfb><C:/Program Files (x86)/CTEX/Mi
KTeX/fonts/type1/public/amsfonts/cm/cmsy6.pfb><C:/Program Files (x86)/CTEX/MiKT
eX/fonts/type1/public/amsfonts/cm/cmsy7.pfb><C:/Program Files (x86)/CTEX/MiKTeX
/fonts/type1/urw/times/utmb8a.pfb><C:/Program Files (x86)/CTEX/MiKTeX/fonts/typ
e1/urw/times/utmbi8a.pfb><C:/Program Files (x86)/CTEX/MiKTeX/fonts/type1/urw/ti
mes/utmr8a.pfb><C:/Program Files (x86)/CTEX/MiKTeX/fonts/type1/urw/times/utmri8
a.pfb>
Output written on bare_conf.pdf (9 pages, 283663 bytes).
PDF statistics:
 144 PDF objects out of 1000 (max. 8388607)
 0 named destinations out of 1000 (max. 500000)
 41 words of extra memory for PDF output out of 10000 (max. 10000000)

